
> QCX@0.1.0 dev
> next dev --turbo

   ▲ Next.js 15.3.8 (Turbopack)
   - Local:        http://localhost:3000
   - Network:      http://192.168.0.2:3000
   - Environments: .env

 ✓ Starting...
Attention: Next.js now collects completely anonymous telemetry regarding usage.
This information is used to shape Next.js' roadmap and prioritize features.
You can learn more, including how to opt-out if you'd not like to participate in this anonymous program, by visiting the following URL:
https://nextjs.org/telemetry

 ✓ Compiled middleware in 394ms
 ✓ Ready in 1867ms
 ○ Compiling / ...
 ✓ Compiled / in 31.7s
Chat DB actions loaded. Ensure getCurrentUserId() is correctly implemented for server-side usage if applicable.
 GET / 200 in 34758ms
 GET / 200 in 2021ms
[Auth] Supabase URL or Anon Key is not set for server-side auth.
 POST / 200 in 1683ms
